Each meta-analysis will be run with: 
3000 total iterations,
4 chains, 
a burnin of 1500 samples,
, 
thus the total number of samples will be 6000
################################################
------------------------------------------------
starting meta-analysis for:

 fineroot2leaf 

------------------------------------------------
prior for fineroot2leaf
                     (using R parameterization):
lnorm(0.811, 0.843)
data max: 2.76 
data min: 0.36 
mean: 1.36 
n: 17
stem plot of data points

  The decimal point is at the |

  0 | 4
  0 | 688
  1 | 0012234
  1 | 57
  2 | 023
  2 | 8

stem plot of obs.prec:

  The decimal point is at the |

  0 | 333333333
  2 | 
  4 | 
  6 | 77777777

Compiling model graph
   Resolving undeclared variables
   Allocating nodes
Graph information:
   Observed stochastic nodes: 34
   Unobserved stochastic nodes: 2
   Total graph size: 99

Initializing model


Iterations = 1002:4000
Thinning interval = 2 
Number of chains = 4 
Sample size per chain = 1500 

1. Empirical mean and standard deviation for each variable,
   plus standard error of the mean:

         Mean      SD  Naive SE Time-series SE
beta.o 1.3567 0.11156 0.0014403      0.0015014
sd.y   0.8995 0.05742 0.0007413      0.0007774

2. Quantiles for each variable:

         2.5%    25%   50%    75% 97.5%
beta.o 1.1368 1.2807 1.357 1.4307 1.579
sd.y   0.7916 0.8603 0.898 0.9373 1.016

################################################
------------------------------------------------
starting meta-analysis for:

 quantum_efficiency 

------------------------------------------------
prior for quantum_efficiency
                     (using R parameterization):
gamma(90.9, 1580)
data max: 0.0719 
data min: 0.0374 
mean: 0.0513 
n: 25
stem plot of data points

  The decimal point is 2 digit(s) to the left of the |

  3 | 77
  4 | 11133558
  5 | 22222233566
  6 | 77
  7 | 22

stem plot of obs.prec:

  The decimal point is 6 digit(s) to the right of the |

  0 | 00
  0 | 
  1 | 
  1 | 
  2 | 1

Compiling model graph
   Resolving undeclared variables
   Allocating nodes
Graph information:
   Observed stochastic nodes: 28
   Unobserved stochastic nodes: 25
   Total graph size: 185

Initializing model


Iterations = 1002:4000
Thinning interval = 2 
Number of chains = 4 
Sample size per chain = 1500 

1. Empirical mean and standard deviation for each variable,
   plus standard error of the mean:

                  Mean       SD  Naive SE Time-series SE
beta.ghs[2] -0.0008153 0.006045 7.804e-05      1.034e-04
beta.o       0.0541986 0.004008 5.175e-05      7.432e-05
sd.y         0.0451539 0.003335 4.306e-05      4.686e-05

2. Quantiles for each variable:

                2.5%       25%        50%      75%   97.5%
beta.ghs[2] -0.01266 -0.004786 -0.0007654 0.003192 0.01097
beta.o       0.04649  0.051494  0.0541676 0.056806 0.06230
sd.y         0.03880  0.042855  0.0451306 0.047321 0.05188

################################################
------------------------------------------------
starting meta-analysis for:

 SLA 

------------------------------------------------
prior for SLA
                     (using R parameterization):
weibull(2.06, 19)
data max: 20.6928 
data min: 10.6747857142857 
mean: 14.5 
n: 23
stem plot of data points

  The decimal point is 1 digit(s) to the right of the |

  1 | 111122222333
  1 | 555668899
  2 | 01

stem plot of obs.prec:
Compiling model graph
   Resolving undeclared variables
   Allocating nodes
Graph information:
   Observed stochastic nodes: 24
   Unobserved stochastic nodes: 24
   Total graph size: 150

Initializing model


Iterations = 1002:4000
Thinning interval = 2 
Number of chains = 4 
Sample size per chain = 1500 

1. Empirical mean and standard deviation for each variable,
   plus standard error of the mean:

        Mean    SD Naive SE Time-series SE
beta.o 14.80 1.468  0.01895        0.02001
sd.y   16.23 2.371  0.03060        0.03583

2. Quantiles for each variable:

        2.5%   25%   50%   75% 97.5%
beta.o 11.90 13.83 14.82 15.75 17.71
sd.y   11.92 14.57 16.14 17.83 21.15

################################################
------------------------------------------------
starting meta-analysis for:

 Vcmax 

------------------------------------------------
prior for Vcmax
                     (using R parameterization):
unif(0, 500)
data max: 37.0468387634513 
data min: 15.2218 
mean: 29.1 
n: 23
stem plot of data points

  The decimal point is 1 digit(s) to the right of the |

  1 | 5
  2 | 33344
  2 | 55588
  3 | 0023334
  3 | 56667

stem plot of obs.prec:

  The decimal point is 4 digit(s) to the left of the |

  0 | 00
  0 | 
  1 | 1

Compiling model graph
   Resolving undeclared variables
   Allocating nodes
Graph information:
   Observed stochastic nodes: 26
   Unobserved stochastic nodes: 23
   Total graph size: 167

Initializing model


Iterations = 1002:4000
Thinning interval = 2 
Number of chains = 4 
Sample size per chain = 1500 

1. Empirical mean and standard deviation for each variable,
   plus standard error of the mean:

              Mean    SD Naive SE Time-series SE
beta.ghs[2] -7.913 2.943  0.03799        0.06126
beta.o      29.885 2.390  0.03085        0.05173
sd.y        18.746 1.352  0.01746        0.01878

2. Quantiles for each variable:

              2.5%    25%    50%    75%  97.5%
beta.ghs[2] -13.65 -9.871 -7.896 -5.965 -2.193
beta.o       25.24 28.244 29.861 31.536 34.546
sd.y         16.20 17.813 18.704 19.646 21.425

