Each meta-analysis will be run with: 
3000 total iterations,
4 chains, 
a burnin of 1500 samples,
, 
thus the total number of samples will be 6000
################################################
------------------------------------------------
starting meta-analysis for:

 stomatal_slope.BB 

------------------------------------------------
prior for stomatal_slope.BB
                     (using R parameterization):
lnorm(1.24, 0.28)
data max: 6.53 
data min: 6.53 
mean: 6.53 
n: 1
stem plot of data points
stem plot of obs.prec:
Compiling model graph
   Resolving undeclared variables
   Allocating nodes
Graph information:
   Observed stochastic nodes: 2
   Unobserved stochastic nodes: 2
   Total graph size: 19

Initializing model


Iterations = 1002:4000
Thinning interval = 2 
Number of chains = 4 
Sample size per chain = 1500 

1. Empirical mean and standard deviation for each variable,
   plus standard error of the mean:

        Mean     SD Naive SE Time-series SE
beta.o 5.596 0.9391 0.012123        0.01782
sd.y   1.487 0.5775 0.007456        0.01522

2. Quantiles for each variable:

         2.5%   25%  50%   75% 97.5%
beta.o 3.5038 4.991 5.72 6.292 7.120
sd.y   0.4887 1.062 1.45 1.862 2.724

################################################
------------------------------------------------
starting meta-analysis for:

 SLA 

------------------------------------------------
NO ERROR STATS PROVIDED, DROPPING RANDOM EFFECTS
prior for SLA
                     (using R parameterization):
weibull(2.06, 19)
data max: 76.93 
data min: 32.05 
mean: 47.7 
n: 9
stem plot of data points

  The decimal point is 1 digit(s) to the right of the |

  3 | 27
  4 | 14689
  5 | 5
  6 | 
  7 | 7

no estimates of SD for SLA
Compiling model graph
   Resolving undeclared variables
   Allocating nodes
Graph information:
   Observed stochastic nodes: 9
   Unobserved stochastic nodes: 11
   Total graph size: 62

Initializing model


Iterations = 1002:4000
Thinning interval = 2 
Number of chains = 4 
Sample size per chain = 1500 

1. Empirical mean and standard deviation for each variable,
   plus standard error of the mean:

        Mean     SD Naive SE Time-series SE
beta.o 42.99  6.398  0.08259         0.1151
sd.y   29.49 10.913  0.14089         0.1911

2. Quantiles for each variable:

        2.5%   25%   50%   75% 97.5%
beta.o 27.25 39.79 43.89 47.36 52.88
sd.y   16.40 22.17 26.81 33.54 58.54

################################################
------------------------------------------------
starting meta-analysis for:

 leaf_respiration_rate_m2 

------------------------------------------------
prior for leaf_respiration_rate_m2
                     (using R parameterization):
lnorm(0.632, 0.65)
data max: 1.33 
data min: 1.33 
mean: 1.33 
n: 1
stem plot of data points
stem plot of obs.prec:
Compiling model graph
   Resolving undeclared variables
   Allocating nodes
Graph information:
   Observed stochastic nodes: 2
   Unobserved stochastic nodes: 2
   Total graph size: 19

Initializing model


Iterations = 1002:4000
Thinning interval = 2 
Number of chains = 4 
Sample size per chain = 1500 

1. Empirical mean and standard deviation for each variable,
   plus standard error of the mean:

         Mean     SD Naive SE Time-series SE
beta.o 1.3311 0.1508 0.001947       0.002141
sd.y   0.2442 0.1007 0.001300       0.002669

2. Quantiles for each variable:

          2.5%    25%    50%    75%  97.5%
beta.o 1.02686 1.2459 1.3309 1.4145 1.6501
sd.y   0.07512 0.1711 0.2339 0.3073 0.4681

################################################
------------------------------------------------
starting meta-analysis for:

 Vcmax 

------------------------------------------------
prior for Vcmax
                     (using R parameterization):
lnorm(3.75, 0.3)
data max: 29.7 
data min: 29.7 
mean: 29.7 
n: 1
stem plot of data points
stem plot of obs.prec:
Compiling model graph
   Resolving undeclared variables
   Allocating nodes
Graph information:
   Observed stochastic nodes: 2
   Unobserved stochastic nodes: 2
   Total graph size: 19

Initializing model


Iterations = 1002:4000
Thinning interval = 2 
Number of chains = 4 
Sample size per chain = 1500 

1. Empirical mean and standard deviation for each variable,
   plus standard error of the mean:

         Mean     SD Naive SE Time-series SE
beta.o 29.746 0.7400 0.009553        0.01122
sd.y    1.187 0.4968 0.006414        0.01204

2. Quantiles for each variable:

          2.5%     25%    50%    75%  97.5%
beta.o 28.2407 29.3381 29.744 30.132 31.301
sd.y    0.3617  0.8162  1.139  1.501  2.273

################################################
------------------------------------------------
starting meta-analysis for:

 cuticular_cond 

------------------------------------------------
prior for cuticular_cond
                     (using R parameterization):
lnorm(8.4, 0.9)
data max: 49300 
data min: 34800 
mean: 42000 
n: 2
stem plot of data points

  The decimal point is 4 digit(s) to the right of the |

  3 | 
  3 | 5
  4 | 
  4 | 9

stem plot of obs.prec:

  The decimal point is 8 digit(s) to the left of the |

  0 | 00

Compiling model graph
   Resolving undeclared variables
   Allocating nodes
Graph information:
   Observed stochastic nodes: 4
   Unobserved stochastic nodes: 2
   Total graph size: 24

Initializing model


Iterations = 1002:4000
Thinning interval = 2 
Number of chains = 4 
Sample size per chain = 1500 

1. Empirical mean and standard deviation for each variable,
   plus standard error of the mean:

        Mean    SD Naive SE Time-series SE
beta.o 17254 13520    174.5          278.9
sd.y   38876  9996    129.1          171.8

2. Quantiles for each variable:

        2.5%   25%   50%   75% 97.5%
beta.o  1266  5796 13834 26441 47828
sd.y   20098 31887 38705 45233 59977

